0.900000E+03 0.100000E+01 0.900000E+03 0.100000E+01 0.100000E+01 0.475000E+01 0.200000E+03  23
0.300000E+01 -.100000E+00 0.305529E+06 -.318804E+06 -.365846E+05 0.839482E+03 0.000000E+00 0.000000E+00 0.000000E+00 0.000000E+00
0.400000E+01 -.100000E+00 0.196069E+06 -.149932E+06 0.342770E+05 0.491522E+03 0.000000E+00 0.000000E+00 0.000000E+00 0.000000E+00
0.500000E+01 -.100000E+00 0.120610E+06 -.640895E+05 0.485338E+05 0.280094E+03 0.000000E+00 0.000000E+00 0.000000E+00 0.000000E+00
0.600000E+01 -.100000E+00 0.730525E+05 -.248812E+05 0.416272E+05 0.160120E+03 0.000000E+00 0.000000E+00 0.000000E+00 0.000000E+00
0.800000E+01 -.100000E+00 0.271696E+05 -.162592E+04 0.214031E+05 0.548634E+02 0.000000E+00 0.000000E+00 0.000000E+00 0.000000E+00
0.100000E+02 -.100000E+00 0.108594E+05 0.147379E+04 0.993165E+04 0.209869E+02 0.000000E+00 0.000000E+00 0.000000E+00 0.000000E+00
0.140000E+02 -.100000E+00 0.223004E+04 0.866519E+03 0.229177E+04 0.395900E+01 0.000000E+00 0.000000E+00 0.000000E+00 0.000000E+00
0.180000E+02 -.100000E+00 0.603933E+03 0.326166E+03 0.641202E+03 0.937715E+00 0.000000E+00 0.000000E+00 0.000000E+00 0.000000E+00
0.200000E+02 -.100000E+00 0.340424E+03 0.202105E+03 0.362753E+03 0.500283E+00 0.000000E+00 0.000000E+00 0.000000E+00 0.000000E+00
0.240000E+02 -.100000E+00 0.122305E+03 0.825246E+02 0.129426E+03 0.186451E+00 0.000000E+00 0.000000E+00 0.000000E+00 0.000000E+00
0.280000E+02 -.100000E+00 0.499603E+02 0.365658E+02 0.521201E+02 0.738361E-01 0.000000E+00 0.000000E+00 0.000000E+00 0.000000E+00
0.300000E+02 -.100000E+00 0.331862E+02 0.250395E+02 0.342478E+02 0.477736E-01 0.000000E+00 0.000000E+00 0.000000E+00 0.000000E+00
0.350000E+02 -.100000E+00 0.130660E+02 0.104387E+02 0.131389E+02 0.180417E-01 0.000000E+00 0.000000E+00 0.000000E+00 0.000000E+00
0.400000E+02 -.100000E+00 0.571155E+01 0.474811E+01 0.559649E+01 0.759681E-02 0.000000E+00 0.000000E+00 0.000000E+00 0.000000E+00
0.500000E+02 -.100000E+00 0.137379E+01 0.120200E+01 0.127299E+01 0.173510E-02 0.000000E+00 0.000000E+00 0.000000E+00 0.000000E+00
0.600000E+02 -.100000E+00 0.412181E+00 0.372076E+00 0.362601E+00 0.483121E-03 0.000000E+00 0.000000E+00 0.000000E+00 0.000000E+00
0.800000E+02 -.100000E+00 0.572981E-01 0.536124E-01 0.458159E-01 0.565200E-04 0.000000E+00 0.000000E+00 0.000000E+00 0.000000E+00
0.100000E+03 -.100000E+00 0.116520E-01 0.111221E-01 0.854746E-02 0.105432E-04 0.000000E+00 0.000000E+00 0.000000E+00 0.000000E+00
0.120000E+03 -.100000E+00 0.304815E-02 0.294656E-02 0.206722E-02 0.262083E-05 0.000000E+00 0.000000E+00 0.000000E+00 0.000000E+00
0.140000E+03 -.100000E+00 0.954816E-03 0.931043E-03 0.602478E-03 0.718550E-06 0.000000E+00 0.000000E+00 0.000000E+00 0.000000E+00
0.160000E+03 -.100000E+00 0.342128E-03 0.335688E-03 0.201862E-03 0.242775E-06 0.000000E+00 0.000000E+00 0.000000E+00 0.000000E+00
0.180000E+03 -.100000E+00 0.135923E-03 0.133972E-03 0.753568E-04 0.110083E-06 0.000000E+00 0.000000E+00 0.000000E+00 0.000000E+00
0.200000E+03 -.100000E+00 0.584687E-04 0.578233E-04 0.305771E-04 0.431382E-07 0.000000E+00 0.000000E+00 0.000000E+00 0.000000E+00
0.300000E+01 0.000000E+00 0.305857E+06 -.318806E+06 -.366758E+05 0.846420E+03 0.000000E+00 0.000000E+00 0.000000E+00 0.000000E+00
0.400000E+01 0.000000E+00 0.196081E+06 -.150108E+06 0.344740E+05 0.495437E+03 0.000000E+00 0.000000E+00 0.000000E+00 0.000000E+00
0.500000E+01 0.000000E+00 0.120781E+06 -.640439E+05 0.484739E+05 0.281953E+03 0.000000E+00 0.000000E+00 0.000000E+00 0.000000E+00
0.600000E+01 0.000000E+00 0.730982E+05 -.249103E+05 0.417241E+05 0.161425E+03 0.000000E+00 0.000000E+00 0.000000E+00 0.000000E+00
0.800000E+01 0.000000E+00 0.271983E+05 -.162022E+04 0.214335E+05 0.556420E+02 0.000000E+00 0.000000E+00 0.000000E+00 0.000000E+00
0.100000E+02 0.000000E+00 0.108733E+05 0.148196E+04 0.993346E+04 0.213069E+02 0.000000E+00 0.000000E+00 0.000000E+00 0.000000E+00
0.140000E+02 0.000000E+00 0.223448E+04 0.869553E+03 0.229680E+04 0.401438E+01 0.000000E+00 0.000000E+00 0.000000E+00 0.000000E+00
0.180000E+02 0.000000E+00 0.604721E+03 0.326401E+03 0.642061E+03 0.944463E+00 0.000000E+00 0.000000E+00 0.000000E+00 0.000000E+00
0.200000E+02 0.000000E+00 0.340965E+03 0.202415E+03 0.363619E+03 0.505546E+00 0.000000E+00 0.000000E+00 0.000000E+00 0.000000E+00
0.240000E+02 0.000000E+00 0.122499E+03 0.826747E+02 0.129750E+03 0.172849E+00 0.000000E+00 0.000000E+00 0.000000E+00 0.000000E+00
0.280000E+02 0.000000E+00 0.500856E+02 0.366702E+02 0.522041E+02 0.750968E-01 0.000000E+00 0.000000E+00 0.000000E+00 0.000000E+00
0.300000E+02 0.000000E+00 0.332566E+02 0.250960E+02 0.343501E+02 0.486053E-01 0.000000E+00 0.000000E+00 0.000000E+00 0.000000E+00
0.350000E+02 0.000000E+00 0.130964E+02 0.104648E+02 0.131718E+02 0.183850E-01 0.000000E+00 0.000000E+00 0.000000E+00 0.000000E+00
0.400000E+02 0.000000E+00 0.572815E+01 0.476276E+01 0.560741E+01 0.768239E-02 0.000000E+00 0.000000E+00 0.000000E+00 0.000000E+00
0.500000E+02 0.000000E+00 0.137823E+01 0.120604E+01 0.127887E+01 0.174598E-02 0.000000E+00 0.000000E+00 0.000000E+00 0.000000E+00
0.600000E+02 0.000000E+00 0.413645E+00 0.373426E+00 0.364257E+00 0.473404E-03 0.000000E+00 0.000000E+00 0.000000E+00 0.000000E+00
0.800000E+02 0.000000E+00 0.575719E-01 0.538723E-01 0.460698E-01 0.575500E-04 0.000000E+00 0.000000E+00 0.000000E+00 0.000000E+00
0.100000E+03 0.000000E+00 0.117184E-01 0.111859E-01 0.860075E-02 0.107204E-04 0.000000E+00 0.000000E+00 0.000000E+00 0.000000E+00
0.120000E+03 0.000000E+00 0.306853E-02 0.296640E-02 0.208415E-02 0.267103E-05 0.000000E+00 0.000000E+00 0.000000E+00 0.000000E+00
0.140000E+03 0.000000E+00 0.962187E-03 0.938258E-03 0.607455E-03 0.741192E-06 0.000000E+00 0.000000E+00 0.000000E+00 0.000000E+00
0.160000E+03 0.000000E+00 0.345129E-03 0.338642E-03 0.204024E-03 0.248434E-06 0.000000E+00 0.000000E+00 0.000000E+00 0.000000E+00
0.180000E+03 0.000000E+00 0.137263E-03 0.135295E-03 0.762491E-04 0.113333E-06 0.000000E+00 0.000000E+00 0.000000E+00 0.000000E+00
0.200000E+03 0.000000E+00 0.591192E-04 0.584673E-04 0.309533E-04 0.446031E-07 0.000000E+00 0.000000E+00 0.000000E+00 0.000000E+00
0.300000E+01 0.100000E+00 0.305529E+06 -.318804E+06 -.366398E+05 0.849591E+03 0.000000E+00 0.000000E+00 0.000000E+00 0.000000E+00
0.400000E+01 0.100000E+00 0.196069E+06 -.149932E+06 0.342004E+05 0.497735E+03 0.000000E+00 0.000000E+00 0.000000E+00 0.000000E+00
0.500000E+01 0.100000E+00 0.120610E+06 -.640895E+05 0.485221E+05 0.283901E+03 0.000000E+00 0.000000E+00 0.000000E+00 0.000000E+00
0.600000E+01 0.100000E+00 0.730525E+05 -.248812E+05 0.415978E+05 0.162202E+03 0.000000E+00 0.000000E+00 0.000000E+00 0.000000E+00
0.800000E+01 0.100000E+00 0.271696E+05 -.162592E+04 0.214224E+05 0.561576E+02 0.000000E+00 0.000000E+00 0.000000E+00 0.000000E+00
0.100000E+02 0.100000E+00 0.108594E+05 0.147379E+04 0.992788E+04 0.211248E+02 0.000000E+00 0.000000E+00 0.000000E+00 0.000000E+00
0.140000E+02 0.100000E+00 0.223004E+04 0.866519E+03 0.229306E+04 0.406230E+01 0.000000E+00 0.000000E+00 0.000000E+00 0.000000E+00
0.180000E+02 0.100000E+00 0.603933E+03 0.326166E+03 0.641351E+03 0.955627E+00 0.000000E+00 0.000000E+00 0.000000E+00 0.000000E+00
0.200000E+02 0.100000E+00 0.340424E+03 0.202105E+03 0.362651E+03 0.511364E+00 0.000000E+00 0.000000E+00 0.000000E+00 0.000000E+00
0.240000E+02 0.100000E+00 0.122305E+03 0.825246E+02 0.129416E+03 0.174850E+00 0.000000E+00 0.000000E+00 0.000000E+00 0.000000E+00
0.280000E+02 0.100000E+00 0.499603E+02 0.365658E+02 0.521077E+02 0.683287E-01 0.000000E+00 0.000000E+00 0.000000E+00 0.000000E+00
0.300000E+02 0.100000E+00 0.331862E+02 0.250395E+02 0.342665E+02 0.490702E-01 0.000000E+00 0.000000E+00 0.000000E+00 0.000000E+00
0.350000E+02 0.100000E+00 0.130660E+02 0.104387E+02 0.131467E+02 0.184128E-01 0.000000E+00 0.000000E+00 0.000000E+00 0.000000E+00
0.400000E+02 0.100000E+00 0.571155E+01 0.474811E+01 0.559684E+01 0.778066E-02 0.000000E+00 0.000000E+00 0.000000E+00 0.000000E+00
0.500000E+02 0.100000E+00 0.137379E+01 0.120200E+01 0.127265E+01 0.173616E-02 0.000000E+00 0.000000E+00 0.000000E+00 0.000000E+00
0.600000E+02 0.100000E+00 0.412181E+00 0.372076E+00 0.362492E+00 0.482412E-03 0.000000E+00 0.000000E+00 0.000000E+00 0.000000E+00
0.800000E+02 0.100000E+00 0.572981E-01 0.536124E-01 0.458105E-01 0.583205E-04 0.000000E+00 0.000000E+00 0.000000E+00 0.000000E+00
0.100000E+03 0.100000E+00 0.116520E-01 0.111221E-01 0.854678E-02 0.108021E-04 0.000000E+00 0.000000E+00 0.000000E+00 0.000000E+00
0.120000E+03 0.100000E+00 0.304815E-02 0.294656E-02 0.206741E-02 0.269878E-05 0.000000E+00 0.000000E+00 0.000000E+00 0.000000E+00
0.140000E+03 0.100000E+00 0.954816E-03 0.931043E-03 0.602649E-03 0.750818E-06 0.000000E+00 0.000000E+00 0.000000E+00 0.000000E+00
0.160000E+03 0.100000E+00 0.342128E-03 0.335688E-03 0.201879E-03 0.252866E-06 0.000000E+00 0.000000E+00 0.000000E+00 0.000000E+00
0.180000E+03 0.100000E+00 0.135923E-03 0.133972E-03 0.753542E-04 0.114182E-06 0.000000E+00 0.000000E+00 0.000000E+00 0.000000E+00
0.200000E+03 0.100000E+00 0.584687E-04 0.578233E-04 0.305736E-04 0.453942E-07 0.000000E+00 0.000000E+00 0.000000E+00 0.000000E+00
0.300000E+01 0.200000E+00 0.304853E+06 -.318367E+06 -.369147E+05 0.851957E+03 0.000000E+00 0.000000E+00 0.000000E+00 0.000000E+00
0.400000E+01 0.200000E+00 0.195528E+06 -.149853E+06 0.341067E+05 0.499988E+03 0.000000E+00 0.000000E+00 0.000000E+00 0.000000E+00
0.500000E+01 0.200000E+00 0.120351E+06 -.639876E+05 0.482296E+05 0.284595E+03 0.000000E+00 0.000000E+00 0.000000E+00 0.000000E+00
0.600000E+01 0.200000E+00 0.728246E+05 -.249082E+05 0.414511E+05 0.163048E+03 0.000000E+00 0.000000E+00 0.000000E+00 0.000000E+00
0.800000E+01 0.200000E+00 0.270856E+05 -.164475E+04 0.213247E+05 0.562051E+02 0.000000E+00 0.000000E+00 0.000000E+00 0.000000E+00
0.100000E+02 0.200000E+00 0.108248E+05 0.146713E+04 0.988474E+04 0.213217E+02 0.000000E+00 0.000000E+00 0.000000E+00 0.000000E+00
0.140000E+02 0.200000E+00 0.222163E+04 0.862451E+03 0.228389E+04 0.409338E+01 0.000000E+00 0.000000E+00 0.000000E+00 0.000000E+00
0.180000E+02 0.200000E+00 0.600774E+03 0.323837E+03 0.637700E+03 0.970806E+00 0.000000E+00 0.000000E+00 0.000000E+00 0.000000E+00
0.200000E+02 0.200000E+00 0.338506E+03 0.200795E+03 0.360705E+03 0.515042E+00 0.000000E+00 0.000000E+00 0.000000E+00 0.000000E+00
0.240000E+02 0.200000E+00 0.121541E+03 0.819493E+02 0.128648E+03 0.175676E+00 0.000000E+00 0.000000E+00 0.000000E+00 0.000000E+00
0.280000E+02 0.200000E+00 0.496449E+02 0.363175E+02 0.517123E+02 0.684421E-01 0.000000E+00 0.000000E+00 0.000000E+00 0.000000E+00
0.300000E+02 0.200000E+00 0.329626E+02 0.248575E+02 0.339988E+02 0.497139E-01 0.000000E+00 0.000000E+00 0.000000E+00 0.000000E+00
0.350000E+02 0.200000E+00 0.129661E+02 0.103543E+02 0.130239E+02 0.184624E-01 0.000000E+00 0.000000E+00 0.000000E+00 0.000000E+00
0.400000E+02 0.200000E+00 0.566429E+01 0.470704E+01 0.553698E+01 0.782202E-02 0.000000E+00 0.000000E+00 0.000000E+00 0.000000E+00
0.500000E+02 0.200000E+00 0.136058E+01 0.119010E+01 0.125968E+01 0.173908E-02 0.000000E+00 0.000000E+00 0.000000E+00 0.000000E+00
0.600000E+02 0.200000E+00 0.407574E+00 0.367827E+00 0.358433E+00 0.480194E-03 0.000000E+00 0.000000E+00 0.000000E+00 0.000000E+00
0.800000E+02 0.200000E+00 0.564911E-01 0.528476E-01 0.450882E-01 0.582653E-04 0.000000E+00 0.000000E+00 0.000000E+00 0.000000E+00
0.100000E+03 0.200000E+00 0.114559E-01 0.109333E-01 0.838070E-02 0.106847E-04 0.000000E+00 0.000000E+00 0.000000E+00 0.000000E+00
0.120000E+03 0.200000E+00 0.298802E-02 0.288811E-02 0.202112E-02 0.271988E-05 0.000000E+00 0.000000E+00 0.000000E+00 0.000000E+00
0.140000E+03 0.200000E+00 0.932978E-03 0.909671E-03 0.586348E-03 0.751108E-06 0.000000E+00 0.000000E+00 0.000000E+00 0.000000E+00
0.160000E+03 0.200000E+00 0.333267E-03 0.326973E-03 0.195895E-03 0.252704E-06 0.000000E+00 0.000000E+00 0.000000E+00 0.000000E+00
0.180000E+03 0.200000E+00 0.131949E-03 0.130049E-03 0.728145E-04 0.114502E-06 0.000000E+00 0.000000E+00 0.000000E+00 0.000000E+00
0.200000E+03 0.200000E+00 0.565570E-04 0.559306E-04 0.294227E-04 0.449402E-07 0.000000E+00 0.000000E+00 0.000000E+00 0.000000E+00
0.300000E+01 0.400000E+00 0.302062E+06 -.316816E+06 -.374869E+05 0.851018E+03 0.000000E+00 0.000000E+00 0.000000E+00 0.000000E+00
0.400000E+01 0.400000E+00 0.193644E+06 -.149109E+06 0.331012E+05 0.500235E+03 0.000000E+00 0.000000E+00 0.000000E+00 0.000000E+00
0.500000E+01 0.400000E+00 0.119112E+06 -.637369E+05 0.473746E+05 0.285131E+03 0.000000E+00 0.000000E+00 0.000000E+00 0.000000E+00
0.600000E+01 0.400000E+00 0.719912E+05 -.249085E+05 0.407832E+05 0.163076E+03 0.000000E+00 0.000000E+00 0.000000E+00 0.000000E+00
0.800000E+01 0.400000E+00 0.267372E+05 -.171727E+04 0.209783E+05 0.571118E+02 0.000000E+00 0.000000E+00 0.000000E+00 0.000000E+00
0.100000E+02 0.400000E+00 0.106749E+05 0.141886E+04 0.971754E+04 0.217507E+02 0.000000E+00 0.000000E+00 0.000000E+00 0.000000E+00
0.140000E+02 0.400000E+00 0.218343E+04 0.841532E+03 0.224178E+04 0.397686E+01 0.000000E+00 0.000000E+00 0.000000E+00 0.000000E+00
0.180000E+02 0.400000E+00 0.588788E+03 0.315949E+03 0.623738E+03 0.980695E+00 0.000000E+00 0.000000E+00 0.000000E+00 0.000000E+00
0.200000E+02 0.400000E+00 0.331395E+03 0.195882E+03 0.352623E+03 0.517753E+00 0.000000E+00 0.000000E+00 0.000000E+00 0.000000E+00
0.240000E+02 0.400000E+00 0.118684E+03 0.797972E+02 0.125348E+03 0.176255E+00 0.000000E+00 0.000000E+00 0.000000E+00 0.000000E+00
0.280000E+02 0.400000E+00 0.483518E+02 0.352867E+02 0.502618E+02 0.687034E-01 0.000000E+00 0.000000E+00 0.000000E+00 0.000000E+00
0.300000E+02 0.400000E+00 0.320723E+02 0.241352E+02 0.330226E+02 0.446947E-01 0.000000E+00 0.000000E+00 0.000000E+00 0.000000E+00
0.350000E+02 0.400000E+00 0.125760E+02 0.100241E+02 0.126102E+02 0.164026E-01 0.000000E+00 0.000000E+00 0.000000E+00 0.000000E+00
0.400000E+02 0.400000E+00 0.547682E+01 0.454380E+01 0.533863E+01 0.755579E-02 0.000000E+00 0.000000E+00 0.000000E+00 0.000000E+00
0.500000E+02 0.400000E+00 0.130778E+01 0.114241E+01 0.120539E+01 0.170050E-02 0.000000E+00 0.000000E+00 0.000000E+00 0.000000E+00
0.600000E+02 0.400000E+00 0.389496E+00 0.351129E+00 0.340624E+00 0.468123E-03 0.000000E+00 0.000000E+00 0.000000E+00 0.000000E+00
0.800000E+02 0.400000E+00 0.533648E-01 0.498830E-01 0.422574E-01 0.546165E-04 0.000000E+00 0.000000E+00 0.000000E+00 0.000000E+00
0.100000E+03 0.400000E+00 0.106918E-01 0.101978E-01 0.774158E-02 0.103094E-04 0.000000E+00 0.000000E+00 0.000000E+00 0.000000E+00
0.120000E+03 0.400000E+00 0.275448E-02 0.266113E-02 0.183699E-02 0.225853E-05 0.000000E+00 0.000000E+00 0.000000E+00 0.000000E+00
0.140000E+03 0.400000E+00 0.849394E-03 0.827880E-03 0.525926E-03 0.721168E-06 0.000000E+00 0.000000E+00 0.000000E+00 0.000000E+00
0.160000E+03 0.400000E+00 0.299418E-03 0.293684E-03 0.173018E-03 0.241638E-06 0.000000E+00 0.000000E+00 0.000000E+00 0.000000E+00
0.180000E+03 0.400000E+00 0.116907E-03 0.115200E-03 0.633171E-04 0.106981E-06 0.000000E+00 0.000000E+00 0.000000E+00 0.000000E+00
0.200000E+03 0.400000E+00 0.493750E-04 0.488206E-04 0.251449E-04 0.422486E-07 0.000000E+00 0.000000E+00 0.000000E+00 0.000000E+00
0.300000E+01 0.600000E+00 0.297402E+06 -.314262E+06 -.385851E+05 0.843233E+03 0.000000E+00 0.000000E+00 0.000000E+00 0.000000E+00
0.400000E+01 0.600000E+00 0.190613E+06 -.147799E+06 0.316785E+05 0.494459E+03 0.000000E+00 0.000000E+00 0.000000E+00 0.000000E+00
0.500000E+01 0.600000E+00 0.117074E+06 -.633110E+05 0.458111E+05 0.283290E+03 0.000000E+00 0.000000E+00 0.000000E+00 0.000000E+00
0.600000E+01 0.600000E+00 0.706693E+05 -.248376E+05 0.397217E+05 0.161850E+03 0.000000E+00 0.000000E+00 0.000000E+00 0.000000E+00
0.800000E+01 0.600000E+00 0.261677E+05 -.182849E+04 0.204262E+05 0.569768E+02 0.000000E+00 0.000000E+00 0.000000E+00 0.000000E+00
0.100000E+02 0.600000E+00 0.104207E+05 0.133305E+04 0.944328E+04 0.215790E+02 0.000000E+00 0.000000E+00 0.000000E+00 0.000000E+00
0.140000E+02 0.600000E+00 0.212085E+04 0.807919E+03 0.217160E+04 0.401142E+01 0.000000E+00 0.000000E+00 0.000000E+00 0.000000E+00
0.180000E+02 0.600000E+00 0.569202E+03 0.303368E+03 0.601362E+03 0.980505E+00 0.000000E+00 0.000000E+00 0.000000E+00 0.000000E+00
0.200000E+02 0.600000E+00 0.319731E+03 0.187848E+03 0.338765E+03 0.517092E+00 0.000000E+00 0.000000E+00 0.000000E+00 0.000000E+00
0.240000E+02 0.600000E+00 0.113991E+03 0.762742E+02 0.119981E+03 0.172340E+00 0.000000E+00 0.000000E+00 0.000000E+00 0.000000E+00
0.280000E+02 0.600000E+00 0.462321E+02 0.336047E+02 0.478717E+02 0.675601E-01 0.000000E+00 0.000000E+00 0.000000E+00 0.000000E+00
0.300000E+02 0.600000E+00 0.306017E+02 0.229413E+02 0.313832E+02 0.438353E-01 0.000000E+00 0.000000E+00 0.000000E+00 0.000000E+00
0.350000E+02 0.600000E+00 0.119362E+02 0.948356E+01 0.119127E+02 0.160867E-01 0.000000E+00 0.000000E+00 0.000000E+00 0.000000E+00
0.400000E+02 0.600000E+00 0.517346E+01 0.428056E+01 0.501502E+01 0.658445E-02 0.000000E+00 0.000000E+00 0.000000E+00 0.000000E+00
0.500000E+02 0.600000E+00 0.122298E+01 0.106597E+01 0.111865E+01 0.159188E-02 0.000000E+00 0.000000E+00 0.000000E+00 0.000000E+00
0.600000E+02 0.600000E+00 0.360559E+00 0.324446E+00 0.312033E+00 0.445037E-03 0.000000E+00 0.000000E+00 0.000000E+00 0.000000E+00
0.800000E+02 0.600000E+00 0.484065E-01 0.451865E-01 0.377980E-01 0.514622E-04 0.000000E+00 0.000000E+00 0.000000E+00 0.000000E+00
0.100000E+03 0.600000E+00 0.949838E-02 0.905005E-02 0.675509E-02 0.945271E-05 0.000000E+00 0.000000E+00 0.000000E+00 0.000000E+00
0.120000E+03 0.600000E+00 0.239538E-02 0.231236E-02 0.156135E-02 0.204695E-05 0.000000E+00 0.000000E+00 0.000000E+00 0.000000E+00
0.140000E+03 0.600000E+00 0.722318E-03 0.703592E-03 0.435990E-03 0.651587E-06 0.000000E+00 0.000000E+00 0.000000E+00 0.000000E+00
0.160000E+03 0.600000E+00 0.248724E-03 0.243846E-03 0.139604E-03 0.215366E-06 0.000000E+00 0.000000E+00 0.000000E+00 0.000000E+00
0.180000E+03 0.600000E+00 0.947182E-04 0.933024E-04 0.496774E-04 0.773623E-07 0.000000E+00 0.000000E+00 0.000000E+00 0.000000E+00
0.200000E+03 0.600000E+00 0.389502E-04 0.385028E-04 0.191231E-04 0.361391E-07 0.000000E+00 0.000000E+00 0.000000E+00 0.000000E+00
0.300000E+01 0.800000E+00 0.291184E+06 -.310228E+06 -.398258E+05 0.831540E+03 0.000000E+00 0.000000E+00 0.000000E+00 0.000000E+00
0.400000E+01 0.800000E+00 0.186369E+06 -.146006E+06 0.294039E+05 0.487336E+03 0.000000E+00 0.000000E+00 0.000000E+00 0.000000E+00
0.500000E+01 0.800000E+00 0.114197E+06 -.627325E+05 0.440484E+05 0.278844E+03 0.000000E+00 0.000000E+00 0.000000E+00 0.000000E+00
0.600000E+01 0.800000E+00 0.688198E+05 -.247251E+05 0.381951E+05 0.160033E+03 0.000000E+00 0.000000E+00 0.000000E+00 0.000000E+00
0.800000E+01 0.800000E+00 0.253858E+05 -.195704E+04 0.196636E+05 0.565718E+02 0.000000E+00 0.000000E+00 0.000000E+00 0.000000E+00
0.100000E+02 0.800000E+00 0.100667E+05 0.121320E+04 0.907157E+04 0.214340E+02 0.000000E+00 0.000000E+00 0.000000E+00 0.000000E+00
0.140000E+02 0.800000E+00 0.203527E+04 0.763140E+03 0.207270E+04 0.398481E+01 0.000000E+00 0.000000E+00 0.000000E+00 0.000000E+00
0.180000E+02 0.800000E+00 0.542731E+03 0.286438E+03 0.571211E+03 0.925205E+00 0.000000E+00 0.000000E+00 0.000000E+00 0.000000E+00
0.200000E+02 0.800000E+00 0.303732E+03 0.176865E+03 0.320318E+03 0.511292E+00 0.000000E+00 0.000000E+00 0.000000E+00 0.000000E+00
0.240000E+02 0.800000E+00 0.107581E+03 0.714780E+02 0.112688E+03 0.168663E+00 0.000000E+00 0.000000E+00 0.000000E+00 0.000000E+00
0.280000E+02 0.800000E+00 0.433705E+02 0.313442E+02 0.446408E+02 0.644914E-01 0.000000E+00 0.000000E+00 0.000000E+00 0.000000E+00
0.300000E+02 0.800000E+00 0.286288E+02 0.213488E+02 0.291566E+02 0.420281E-01 0.000000E+00 0.000000E+00 0.000000E+00 0.000000E+00
0.350000E+02 0.800000E+00 0.110847E+02 0.876755E+01 0.109702E+02 0.151312E-01 0.000000E+00 0.000000E+00 0.000000E+00 0.000000E+00
0.400000E+02 0.800000E+00 0.476727E+01 0.392882E+01 0.458033E+01 0.623425E-02 0.000000E+00 0.000000E+00 0.000000E+00 0.000000E+00
0.500000E+02 0.800000E+00 0.111030E+01 0.964708E+00 0.100435E+01 0.133552E-02 0.000000E+00 0.000000E+00 0.000000E+00 0.000000E+00
0.600000E+02 0.800000E+00 0.322494E+00 0.289417E+00 0.275594E+00 0.367516E-03 0.000000E+00 0.000000E+00 0.000000E+00 0.000000E+00
0.800000E+02 0.800000E+00 0.420101E-01 0.391377E-01 0.321503E-01 0.442290E-04 0.000000E+00 0.000000E+00 0.000000E+00 0.000000E+00
0.100000E+03 0.800000E+00 0.799118E-02 0.760236E-02 0.553148E-02 0.823499E-05 0.000000E+00 0.000000E+00 0.000000E+00 0.000000E+00
0.120000E+03 0.800000E+00 0.195099E-02 0.188114E-02 0.123084E-02 0.174055E-05 0.000000E+00 0.000000E+00 0.000000E+00 0.000000E+00
0.140000E+03 0.800000E+00 0.568545E-03 0.553303E-03 0.329655E-03 0.474525E-06 0.000000E+00 0.000000E+00 0.000000E+00 0.000000E+00
0.160000E+03 0.800000E+00 0.188783E-03 0.184954E-03 0.101194E-03 0.141238E-06 0.000000E+00 0.000000E+00 0.000000E+00 0.000000E+00
0.180000E+03 0.800000E+00 0.691540E-04 0.680855E-04 0.344703E-04 0.520581E-07 0.000000E+00 0.000000E+00 0.000000E+00 0.000000E+00
0.200000E+03 0.800000E+00 0.272664E-04 0.269429E-04 0.126645E-04 0.237141E-07 0.000000E+00 0.000000E+00 0.000000E+00 0.000000E+00
0.300000E+01 0.100000E+01 0.283625E+06 -.304679E+06 -.415218E+05 0.811404E+03 0.000000E+00 0.000000E+00 0.000000E+00 0.000000E+00
0.400000E+01 0.100000E+01 0.180948E+06 -.143757E+06 0.268135E+05 0.475508E+03 0.000000E+00 0.000000E+00 0.000000E+00 0.000000E+00
0.500000E+01 0.100000E+01 0.110650E+06 -.618867E+05 0.416111E+05 0.273679E+03 0.000000E+00 0.000000E+00 0.000000E+00 0.000000E+00
0.600000E+01 0.100000E+01 0.664947E+05 -.245716E+05 0.363535E+05 0.157989E+03 0.000000E+00 0.000000E+00 0.000000E+00 0.000000E+00
0.800000E+01 0.100000E+01 0.244076E+05 -.210663E+04 0.186919E+05 0.559408E+02 0.000000E+00 0.000000E+00 0.000000E+00 0.000000E+00
0.100000E+02 0.100000E+01 0.962891E+04 0.107584E+04 0.860194E+04 0.213084E+02 0.000000E+00 0.000000E+00 0.000000E+00 0.000000E+00
0.140000E+02 0.100000E+01 0.192731E+04 0.706906E+03 0.194888E+04 0.382514E+01 0.000000E+00 0.000000E+00 0.000000E+00 0.000000E+00
0.180000E+02 0.100000E+01 0.509404E+03 0.265209E+03 0.532567E+03 0.908229E+00 0.000000E+00 0.000000E+00 0.000000E+00 0.000000E+00
0.200000E+02 0.100000E+01 0.283983E+03 0.163480E+03 0.297666E+03 0.473323E+00 0.000000E+00 0.000000E+00 0.000000E+00 0.000000E+00
0.240000E+02 0.100000E+01 0.997432E+02 0.656760E+02 0.103630E+03 0.160772E+00 0.000000E+00 0.000000E+00 0.000000E+00 0.000000E+00
0.280000E+02 0.100000E+01 0.398600E+02 0.285863E+02 0.407149E+02 0.612658E-01 0.000000E+00 0.000000E+00 0.000000E+00 0.000000E+00
0.300000E+02 0.100000E+01 0.261923E+02 0.193921E+02 0.264500E+02 0.389868E-01 0.000000E+00 0.000000E+00 0.000000E+00 0.000000E+00
0.350000E+02 0.100000E+01 0.100439E+02 0.789706E+01 0.984210E+01 0.140561E-01 0.000000E+00 0.000000E+00 0.000000E+00 0.000000E+00
0.400000E+02 0.100000E+01 0.427513E+01 0.350453E+01 0.406213E+01 0.567342E-02 0.000000E+00 0.000000E+00 0.000000E+00 0.000000E+00
0.500000E+02 0.100000E+01 0.975925E+00 0.844358E+00 0.869664E+00 0.118194E-02 0.000000E+00 0.000000E+00 0.000000E+00 0.000000E+00
0.600000E+02 0.100000E+01 0.277659E+00 0.248284E+00 0.232350E+00 0.319582E-03 0.000000E+00 0.000000E+00 0.000000E+00 0.000000E+00
0.800000E+02 0.100000E+01 0.346882E-01 0.322294E-01 0.258256E-01 0.340621E-04 0.000000E+00 0.000000E+00 0.000000E+00 0.000000E+00
0.100000E+03 0.100000E+01 0.631602E-02 0.599613E-02 0.421484E-02 0.648402E-05 0.000000E+00 0.000000E+00 0.000000E+00 0.000000E+00
0.120000E+03 0.100000E+01 0.147204E-02 0.141703E-02 0.886626E-03 0.138805E-05 0.000000E+00 0.000000E+00 0.000000E+00 0.000000E+00
0.140000E+03 0.100000E+01 0.408163E-03 0.396726E-03 0.224401E-03 0.340462E-06 0.000000E+00 0.000000E+00 0.000000E+00 0.000000E+00
0.160000E+03 0.100000E+01 0.128480E-03 0.125758E-03 0.648030E-04 0.104593E-06 0.000000E+00 0.000000E+00 0.000000E+00 0.000000E+00
0.180000E+03 0.100000E+01 0.444091E-04 0.436923E-04 0.206294E-04 0.359122E-07 0.000000E+00 0.000000E+00 0.000000E+00 0.000000E+00
0.200000E+03 0.100000E+01 0.164245E-04 0.162212E-04 0.705487E-05 0.139716E-07 0.000000E+00 0.000000E+00 0.000000E+00 0.000000E+00
0.300000E+01 0.120000E+01 0.274219E+06 -.298130E+06 -.435121E+05 0.783807E+03 0.000000E+00 0.000000E+00 0.000000E+00 0.000000E+00
0.400000E+01 0.120000E+01 0.174263E+06 -.141064E+06 0.237258E+05 0.459896E+03 0.000000E+00 0.000000E+00 0.000000E+00 0.000000E+00
0.500000E+01 0.120000E+01 0.106335E+06 -.608536E+05 0.387660E+05 0.267091E+03 0.000000E+00 0.000000E+00 0.000000E+00 0.000000E+00
0.600000E+01 0.120000E+01 0.636726E+05 -.243735E+05 0.340060E+05 0.154953E+03 0.000000E+00 0.000000E+00 0.000000E+00 0.000000E+00
0.800000E+01 0.120000E+01 0.232288E+05 -.228455E+04 0.175483E+05 0.545452E+02 0.000000E+00 0.000000E+00 0.000000E+00 0.000000E+00
0.100000E+02 0.120000E+01 0.910484E+04 0.913361E+03 0.804830E+04 0.207169E+02 0.000000E+00 0.000000E+00 0.000000E+00 0.000000E+00
0.140000E+02 0.120000E+01 0.180038E+04 0.642324E+03 0.180555E+04 0.366994E+01 0.000000E+00 0.000000E+00 0.000000E+00 0.000000E+00
0.180000E+02 0.120000E+01 0.470709E+03 0.240940E+03 0.487339E+03 0.880410E+00 0.000000E+00 0.000000E+00 0.000000E+00 0.000000E+00
0.200000E+02 0.120000E+01 0.260783E+03 0.147906E+03 0.270949E+03 0.456180E+00 0.000000E+00 0.000000E+00 0.000000E+00 0.000000E+00
0.240000E+02 0.120000E+01 0.906028E+02 0.589683E+02 0.932636E+02 0.142871E+00 0.000000E+00 0.000000E+00 0.000000E+00 0.000000E+00
0.280000E+02 0.120000E+01 0.358296E+02 0.254475E+02 0.362199E+02 0.531760E-01 0.000000E+00 0.000000E+00 0.000000E+00 0.000000E+00
0.300000E+02 0.120000E+01 0.234176E+02 0.171829E+02 0.233894E+02 0.339294E-01 0.000000E+00 0.000000E+00 0.000000E+00 0.000000E+00
0.350000E+02 0.120000E+01 0.885884E+01 0.691182E+01 0.857023E+01 0.127835E-01 0.000000E+00 0.000000E+00 0.000000E+00 0.000000E+00
0.400000E+02 0.120000E+01 0.372251E+01 0.303112E+01 0.347617E+01 0.503768E-02 0.000000E+00 0.000000E+00 0.000000E+00 0.000000E+00
0.500000E+02 0.120000E+01 0.826917E+00 0.711501E+00 0.721775E+00 0.988983E-03 0.000000E+00 0.000000E+00 0.000000E+00 0.000000E+00
0.600000E+02 0.120000E+01 0.228993E+00 0.203821E+00 0.186788E+00 0.257519E-03 0.000000E+00 0.000000E+00 0.000000E+00 0.000000E+00
0.800000E+02 0.120000E+01 0.270288E-01 0.250244E-01 0.193982E-01 0.266932E-04 0.000000E+00 0.000000E+00 0.000000E+00 0.000000E+00
0.100000E+03 0.120000E+01 0.463269E-02 0.438589E-02 0.294339E-02 0.405410E-05 0.000000E+00 0.000000E+00 0.000000E+00 0.000000E+00
0.120000E+03 0.120000E+01 0.101142E-02 0.971535E-03 0.572360E-03 0.946961E-06 0.000000E+00 0.000000E+00 0.000000E+00 0.000000E+00
0.140000E+03 0.120000E+01 0.261341E-03 0.253602E-03 0.133576E-03 0.231672E-06 0.000000E+00 0.000000E+00 0.000000E+00 0.000000E+00
0.160000E+03 0.120000E+01 0.760944E-04 0.743898E-04 0.353036E-04 0.648551E-07 0.000000E+00 0.000000E+00 0.000000E+00 0.000000E+00
0.180000E+03 0.120000E+01 0.241131E-04 0.237023E-04 0.101814E-04 0.208470E-07 0.000000E+00 0.000000E+00 0.000000E+00 0.000000E+00
0.200000E+03 0.120000E+01 0.808430E-05 0.797887E-05 0.309885E-05 0.743768E-08 0.000000E+00 0.000000E+00 0.000000E+00 0.000000E+00
